lose data
Error in line 91: Unrecognized command verb.
use f:\vfprg\facontrol as facont
Error in line 98: Command contains unrecognized phrase/keyword.
do frm mft
Error in line 137: Syntax error.
modi comm do Bharti_Tools
Error in line 139: Command contains unrecognized phrase/keyword.
?RGB(10,15,239,166,255,210)
Error in line 166: Too many arguments.
RGB(10,15,239,166,255,210)
Error in line 167: Too many arguments.
?'' RGB(10,15,239,166,255,210)
Error in line 168: Command contains unrecognized phrase/keyword.
mdi form pledger
Error in line 474: Unrecognized command verb.
modi commm mrtc_menu
Error in line 484: Command contains unrecognized phrase/keyword.
modi commm aa
Error in line 495: Command contains unrecognized phrase/keyword.
wait wind Total Cost is '+str(mLhrcost) nowait
Error in line 623: Command contains unrecognized phrase/keyword.
MODI FORM f:\tcs\voucherentry.scx with 'CP'
Error in line 669: Command contains unrecognized phrase/keyword.
MODI FORM f:\tcs\voucherentry.scx with 'CP'
Error in line 673: Command contains unrecognized phrase/keyword.
modi FORM f:\tcs\voucherentry.scx with 'CP'
Error in line 699: Command contains unrecognized phrase/keyword.
modi FORM f:\tcs\voucherentry.scx with 'CP'
Error in line 705: Command contains unrecognized phrase/keyword.
modi FORM f:\tcs\voucherentry.scx with 'CP'
Error in line 712: Command contains unrecognized phrase/keyword.
modi form FORM f:\tcs\voucherentry.scx with 'CP'
Error in line 715: Command contains unrecognized phrase/keyword.
modi FORM f:\tcs\voucherentry.scx with 'CP'
Error in line 719: Command contains unrecognized phrase/keyword.
modi FORM f:\tcs\voucherentry.scx with 'CP'
Error in line 722: Command contains unrecognized phrase/keyword.
modi FORM f:\tcs\voucherentry.scx with 'CP'
Error in line 727: Command contains unrecognized phrase/keyword.
WAIT WINF at(M,this.value)>0
Error in line 823: Function name is missing ).
WAIT WIND at(M,this.value)>0
Error in line 824: Function name is missing ).
WAIT WIND at('AS PER VOU',this.value)>0
Error in line 825: Function name is missing ).
WAIT WIND at('AS PER VOU',M)>0
Error in line 830: Function name is missing ).
modi  FORM f:\tcs\voucherentry.scx with 'CP'
Error in line 839: Command contains unrecognized phrase/keyword.
modi  FORM f:\tcs\voucherentry.scx with 'CP'
Error in line 841: Command contains unrecognized phrase/keyword.
MODI FORM f:\tcs\voucherentry.scx with 'CR'
Error in line 881: Command contains unrecognized phrase/keyword.
MODI FORM f:\tcs\voucherentry.scx with 'CR'
Error in line 883: Command contains unrecognized phrase/keyword.
modi comm FORM f:\tcs\pendingapprovalvoucher.scx
Error in line 962: Command contains unrecognized phrase/keyword.
DO FORM Reb_chk1 Rebate_chk1
Error in line 1105: Command contains unrecognized phrase/keyword.
DO Reb_chk1 Rebate_chk1
Error in line 1106: Syntax error.
?"Cartage "+allt(str(Cartage))+" P/F"'+ allt(str(PF))+" FOV "+allt(str(Others))
Error in line 1164: Command contains unrecognized phrase/keyword.
do report from ?
Error in line 1421: Syntax error.
index on opfydate to tag tag1
Error in line 1531: Command contains unrecognized phrase/keyword.
index on opfydate to tag tag1
Error in line 1533: Command contains unrecognized phrase/keyword.
modi commm mrtc_library2
Error in line 1607: Command contains unrecognized phrase/keyword.
set proc form mrtc_library2
Error in line 1630: Syntax error.
modi focm ?
Error in line 1866: Command contains unrecognized phrase/keyword.
GETFILE([".txt",".pdf"]
Error in line 1951: Function name is missing ).
=GETFILE([".txt",".pdf"]
Error in line 1952: Function name is missing ).
=GETFILE(["txt","pdf"]
Error in line 1953: Function name is missing ).
=GETFILE(["txt"]
Error in line 1954: Function name is missing ).
GETFILE((".txt",".pdf")
Error in line 1955: Function name is missing ).
GETFILE((".txt","pdf")
Error in line 1956: Function name is missing ).
=GETFILE((".txt","pdf")
Error in line 1957: Function name is missing ).
=GETFILE(("txt","pdf")
Error in line 1958: Function name is missing ).
=GETFILE(("txt")
Error in line 1959: Function name is missing ).
=Getfile(("txt")
Error in line 1960: Function name is missing ).
=file(("txt")
Error in line 1961: Function name is missing ).
s=GETFILE(("txt","pdf")
Error in line 1962: Function name is missing ).
s=GETFILE(("txt","pdf")
Error in line 1964: Function name is missing ).
s=GETFILE("PDF~TXT)
Error in line 1967: Command contains unrecognized phrase/keyword.
modi commm test2
Error in line 2008: Command contains unrecognized phrase/keyword.
modi comm lhr_entry Pass
Error in line 2019: Command contains unrecognized phrase/keyword.
modi drivermaster
Error in line 2172: Command contains unrecognized phrase/keyword.
se fastn
Error in line 2185: Unrecognized command verb.
modiFORM f:\tcs\mf_entry_form2.scx
Error in line 2219: Unrecognized command verb.
modi f:\tcs\mf_entry_form2.scx
Error in line 2220: Command contains unrecognized phrase/keyword.
modi projest Test
Error in line 2327: Command contains unrecognized phrase/keyword.
modi t
Error in line 2356: Command contains unrecognized phrase/keyword.
creat table UPrefs
Error in line 2492: Syntax error.
creat table
Error in line 2493: Syntax error.
modi cmm
Error in line 2526: Command contains unrecognized phrase/keyword.
modi om text_cmd_new
Error in line 2533: Command contains unrecognized phrase/keyword.
MODI form f:\tcs\voucherentry.scx with 'BP'
Error in line 2602: Command contains unrecognized phrase/keyword.
MODI form f:\tcs\voucherentry.scx with 'BP'
Error in line 2604: Command contains unrecognized phrase/keyword.
MODI form f:\tcs\voucherentry.scx with 'BP'
Error in line 2606: Command contains unrecognized phrase/keyword.
MODI  form f:\tcs\voucherentry.scx with 'BP'
Error in line 2642: Command contains unrecognized phrase/keyword.
MODI  form f:\tcs\voucherentry.scx with 'BP'
Error in line 2645: Command contains unrecognized phrase/keyword.
MODI  form f:\tcs\voucherentry.scx with 'BP'
Error in line 2647: Command contains unrecognized phrase/keyword.
MODI  form f:\tcs\voucherentry.scx with 'BP'
Error in line 2650: Command contains unrecognized phrase/keyword.
MODI  form f:\tcs\voucherentry.scx with 'BP'
Error in line 2652: Command contains unrecognized phrase/keyword.
MODI  FORM VOUCHERENTRY with 'BP'
Error in line 2799: Command contains unrecognized phrase/keyword.
MODI  FORM VOUCHERENTRY with 'BP'
Error in line 2801: Command contains unrecognized phrase/keyword.
MODI  FORM VOUCHERENTRY with 'BP'
Error in line 2803: Command contains unrecognized phrase/keyword.
wait wind (Date()-day(date())
Error in line 2849: Function name is missing ).
?(Date()-day(date())
Error in line 2850: Function name is missing ).
cmd = 'insert into test21 values('ss')'
Error in line 2865: Syntax error.
MACCODE=RIGHT('000000'+Lastac,6)),6)
Error in line 2897: Syntax error.
public xFacode=.T.
Error in line 2902: Syntax error.
public xFacode .T.
Error in line 2903: Syntax error.
modi commm FinAccountOpeingofclient
Error in line 2932: Command contains unrecognized phrase/keyword.
mod iform ?
Error in line 2952: Unrecognized command verb.
mNarration1 =  FbrCode +'Cnmt :'+allt(Cnno)+' DT.'+allt(CnDate)+   700+20+10-40 '
Error in line 2974: Syntax error.
mNarration1 =  FbrCode +'Cnmt :'+allt(Cnno)+' DT.'+allt(CnDate)+   700+20+10-40 '
Error in line 2984: Syntax error.
?FbrCode +'Cnmt :'+allt(Cnno)+' DT.'+allt(CnDate)+   700+20+10-40 '
Error in line 2985: Command contains unrecognized phrase/keyword.
?FbrCode +'Cnmt :'+allt(Cnno)+' DT.'+allt(CnDate)+   700+20+10-40 '
Error in line 2987: Command contains unrecognized phrase/keyword.
?FbrCode +' Cnmt :'+allt(Cnno)+' DT.'+allt(CnDate)+ ' Frt.'+ Gpfrt+' +  GpDC+GpHC+DemChg+GPOther
Error in line 2992: Command contains unrecognized phrase/keyword.
?FbrCode +' Cnmt :'+allt(Cnno)+' DT.'+allt(CnDate)+ ' Frt.'+ str(Gpfrt)+' +  str(GpDC+GpHC+DemChg+GPOther)
Error in line 2993: Command contains unrecognized phrase/keyword.
do FaEntryPassofTopayFrt ,'PTN','0276401','0276401'
Error in line 3000: Syntax error.
?LEN(SRT Cnmt :0196172 DT.18/10/2019 Frt.700+20-0=610-/)
Error in line 3015: Function name is missing ).
select * from Stn where f:\vfprg\stn where acode=mlogbr
Error in line 3117: Command contains unrecognized phrase/keyword.
select * from Stn where f:\vfprg\stn where acode=mlogbr
Error in line 3121: Command contains unrecognized phrase/keyword.
select BRANCHID  from Stn where f:\vfprg\stn where acode=mlogbr
Error in line 3122: Command contains unrecognized phrase/keyword.
select BRANCHID  from Stn where f:\vfprg\stn where acode=mlogbr
Error in line 3124: Command contains unrecognized phrase/keyword.
S=(select BRANCHID from f:\vfprg\stn where acode=mlogbr)
Error in line 3128: Function name is missing ).
S=(select TOP 1 BRANCHID from f:\vfprg\stn where acode=mlogbr)
Error in line 3129: Function name is missing ).
sort on recno() to tr desc
Error in line 3190: Invalid use of a Visual FoxPro function as an array.
inde on recno() to tag tag1
Error in line 3191: Command contains unrecognized phrase/keyword.
inde on str(recno()) to tag tag1
Error in line 3192: Command contains unrecognized phrase/keyword.
inde on recno() to tag tag1
Error in line 3193: Command contains unrecognized phrase/keyword.
chqrcvd
Error in line 3238: Unrecognized command verb.
ape blank
Error in line 3241: Unrecognized command verb.
modi  ?
Error in line 3446: Command contains unrecognized phrase/keyword.
SULTANIA VASTRALAYA(BENIPATI)    10AMKPS4222L1Z2'
Error in line 3494: Unrecognized command verb.
'SULTANIA VASTRALAYA(BENIPATI)    10AMKPS4222L1Z2'
Error in line 3495: Unrecognized command verb.
f:\vfprg\goodsgroup
Error in line 3522: Unrecognized command verb.
CREATE TABLE TmpDrate (Srl n(3) , PartyName c(50) , From c(3) , wef d(8) , Rate n(8,2) , bc n(8,2) , lc n(8,2) , rc n(8,2) , mh n(8,2) , FOV n(8,2) , Gstin c(16) ) )
Error in line 3558: Command contains unrecognized phrase/keyword.
CREATE TABLE TmpDrate (Srl n(3) , PartyName c(50) , Fromstn c(3) , wef d(8) , Rate n(8,2) , bc n(8,2) , lc n(8,2) , rc n(8,2) , mh n(8,2) , FOV n(8,2) , Gstin c(16) ) )
Error in line 3559: Command contains unrecognized phrase/keyword.
sety
Error in line 3617: Unrecognized command verb.
seyt
Error in line 3636: Unrecognized command verb.
mlogbrid
Error in line 3639: Unrecognized command verb.
modi vorm gprangeprint
Error in line 3806: Command contains unrecognized phrase/keyword.

Error in line 3920: Unrecognized command verb.
XX= "Acname like '%" + mlogbr + "% '
Error in line 4196: Command contains unrecognized phrase/keyword.
DlvBr  Gpno  DlvDate  Gpnett ReceivingBr , srlno
Error in line 4382: Unrecognized command verb.
invno  invdate  waybillno dlvtype ,
Error in line 4448: Unrecognized command verb.
count for gpno bwte('0112001','0112050')
Error in line 4648: Command contains unrecognized phrase/keyword.
count to tt for gpno bwte('0112001','0112050')
Error in line 4649: Command contains unrecognized phrase/keyword.
count for gpno Betw('0112001','0112050')
Error in line 4650: Command contains unrecognized phrase/keyword.
count for gpno Betw'0112001' and '0112050'
Error in line 4651: Command contains unrecognized phrase/keyword.
count for gpno Betw '0112001' and '0112050'
Error in line 4652: Command contains unrecognized phrase/keyword.
?ss  COLOR ,RGB(6,6,255,255,217,255) FONT "14" STYLE "B"
Error in line 4850: Command contains unrecognized phrase/keyword.
?say "ss "  COLOR ,RGB(6,6,255,255,217,255) FONT "14" STYLE "B"
Error in line 4851: Command contains unrecognized phrase/keyword.
?say "ss "  +COLOR ,RGB(6,6,255,255,217,255) FONT "14" STYLE "B"
Error in line 4852: Command contains unrecognized phrase/keyword.
@1,1 say "ss "  +COLOR ,RGB(6,6,255,255,217,255) FONT "14" STYLE "B"
Error in line 4853: Command contains unrecognized phrase/keyword.
?RGB(10,15,239,166,255,0)
Error in line 4870: Too many arguments.
modi fork test
Error in line 4871: Command contains unrecognized phrase/keyword.
MCWT , MPKG , MORCR , MINV
Error in line 4978: Unrecognized command verb.
REPORT From GpPrint preview
Error in line 5016: Command contains unrecognized phrase/keyword.
REPORT from GpPrint preview
Error in line 5017: Command contains unrecognized phrase/keyword.
REPORT from GpPrint
Error in line 5018: Command contains unrecognized phrase/keyword.
modi fform ?
Error in line 5067: Command contains unrecognized phrase/keyword.
PackingType
Error in line 5128: Unrecognized command verb.
set defa f:\tcs
Error in line 5280: Syntax error.
CAN CALL
Error in line 5334: Unrecognized command verb.
modi omm mrtc_menu
Error in line 5367: Command contains unrecognized phrase/keyword.
CLOSE DTA
Error in line 5427: Command contains unrecognized phrase/keyword.
modi form FORM GpPrint
Error in line 5596: Command contains unrecognized phrase/keyword.
MODI  FORM f:\tcs\voucherentry.scx WITH 'CP'
Error in line 5686: Command contains unrecognized phrase/keyword.
MODI  FORM f:\tcs\voucherentry.scx WITH 'CP'
Error in line 5689: Command contains unrecognized phrase/keyword.
MODI  FORM f:\tcs\voucherentry.scx WITH 'CP'
Error in line 5709: Command contains unrecognized phrase/keyword.
Recevingbr+' '+srlno
Error in line 5755: Unrecognized command verb.
modi VoucherPrint
Error in line 5844: Command contains unrecognized phrase/keyword.
CLOSE DTA
Error in line 6006: Command contains unrecognized phrase/keyword.
MODI FORM modi report GpPrint
Error in line 6059: Command contains unrecognized phrase/keyword.
CLOSE DARA
Error in line 6093: Command contains unrecognized phrase/keyword.
DO FROM FINREPORT1
Error in line 6135: Syntax error.
DO FROM FINREPORT
Error in line 6136: Syntax error.
DO FROM FINREPORTS
Error in line 6137: Syntax error.
set dle eoff
Error in line 6190: Command contains unrecognized phrase/keyword.
xg = "RegStateId='+mStateId
Error in line 6296: Command contains unrecognized phrase/keyword.
xg = "RegStateId='+mStateId
Error in line 6298: Command contains unrecognized phrase/keyword.
xg = "RegStateId='+mStateId+
Error in line 6300: Command contains unrecognized phrase/keyword.
xg = "RegStateId='+mStateId+'"'
Error in line 6301: Syntax error.
NWD   100903    AMIT SYNTHETICS
Error in line 6351: Unrecognized command verb.
_screen.Caption = "Maa Rudra Transport Company       User :  " + Mlogbr+'-'+Muname + "    FY . " +_year+ " + " Today : " + DTOC(Mtoday) +" Version 1.1"
Error in line 6491: Syntax error.
SET PROC MRTC_LIBRARY2
Error in line 6581: Syntax error.
SET PROC MRTC_LIBRARY2
Error in line 6588: Syntax error.
