

Fatal error: Exception code=C0000005 @ 07/20/20 09:30:15 PM. Error log file: F:\VFPRG\vfp9err.log


Fatal error: Exception code=C0000005 @ 07/20/20 09:30:20 PM. Error log file: F:\VFPRG\vfp9err.log


Fatal error: Exception code=C0000005 @ 20.07.2020 10:04:11 PM. Error log file: F:\VFPRG\vfp9err.log


Fatal error: Exception code=C0000005 @ 22.07.2020 04:23:38 PM. Error log file: F:\VFPRG\vfp9err.log


Fatal error: Exception code=C0000005 @ 22.07.2020 04:23:41 PM. Error log file: F:\VFPRG\vfp9err.log


Fatal error: Exception code=C0000005 @ 23/07/2020 09:32:16 PM. Error log file: F:\VFPRG\vfp9err.log


Fatal error: Exception code=C0000005 @ 23/07/2020 09:32:22 PM. Error log file: F:\VFPRG\vfp9err.log


Fatal error: Exception code=C0000005 @ 24.07.2020 04:13:35 PM. Error log file: F:\VFPRG\vfp9err.log


Fatal error: Exception code=C0000005 @ 25/07/2020 01:04:04 PM. Error log file: F:\VFPRG\vfp9err.log


Fatal error: Exception code=C0000005 @ 25.07.2020 02:52:20 PM. Error log file: F:\VFPRG\vfp9err.log


Fatal error: Exception code=C0000005 @ 26.07.2020 06:25:18 PM. Error log file: F:\VFPRG\vfp9err.log


Fatal error: Exception code=C0000005 @ 26.07.2020 07:43:21 PM. Error log file: F:\VFPRG\vfp9err.log


Fatal error: Exception code=C0000005 @ 27.07.2020 08:37:37 PM. Error log file: F:\VFPRG\vfp9err.log


Fatal error: Exception code=C0000005 @ 27.07.2020 09:23:09 PM. Error log file: F:\VFPRG\vfp9err.log


Fatal error: Exception code=C0000005 @ 31/07/2020 01:36:26 AM. Error log file: F:\VFPRG\vfp9err.log


Fatal error: Exception code=C0000005 @ 05.08.2020 10:22:04 PM. Error log file: F:\VFPRG\vfp9err.log


Fatal error: Exception code=C0000005 @ 05.08.2020 11:00:04 PM. Error log file: F:\VFPRG\vfp9err.log


Fatal error: Exception code=C0000005 @ 07.08.2020 06:54:52 PM. Error log file: F:\VFPRG\vfp9err.log


Fatal error: Exception code=C0000005 @ 14/08/2020 11:48:40 AM. Error log file: F:\VFPRG\vfp9err.log


Fatal error: Exception code=C0000005 @ 14/08/2020 11:48:48 AM. Error log file: F:\VFPRG\vfp9err.log


Fatal error: Exception code=C0000005 @ 18.08.2020 03:44:33 PM. Error log file: F:\VFPRG\vfp9err.log


Fatal error: Exception code=C0000005 @ 18.08.2020 03:50:09 PM. Error log file: F:\VFPRG\vfp9err.log


Fatal error: Exception code=C0000005 @ 20.08.2020 04:06:28 PM. Error log file: F:\VFPRG\vfp9err.log


Fatal error: Exception code=C0000005 @ 20.08.2020 04:06:31 PM. Error log file: F:\VFPRG\vfp9err.log


Fatal error: Exception code=C0000005 @ 30.08.2020 02:21:02 PM. Error log file: F:\VFPRG\vfp9err.log


Fatal error: Exception code=C0000005 @ 30.08.2020 02:48:35 PM. Error log file: F:\VFPRG\vfp9err.log


Fatal error: Exception code=C0000005 @ 23/09/2020 06:31:55 PM. Error log file: F:\VFPRG\vfp9err.log


Fatal error: Exception code=C0000005 @ 26.09.2020 08:23:28 PM. Error log file: F:\VFPRG\vfp9err.log


Fatal error: Exception code=C0000005 @ 20/08/2021 10:37:38 AM. Error log file: f:\vfprg\vfp9err.log
	Called from -  connect2sql line 596  {f:\vfprg\mrtc_library2.prg mrtc_library2.fxp}
	Called from -  form1.init line 4  {f:\vfprg\mrtc_login.sct f:\vfprg\mrtc_login.sct}
	Called from -  aa line 6  {f:\vfprg\aa.prg f:\vfprg\mrtc_new.exe}


Fatal error: Exception code=C0000005 @ 25/08/2021 01:38:23 PM. Error log file: f:\vfprg\vfp9err.log
	Called from -  connect2sql line 596  {f:\vfprg\mrtc_library2.prg mrtc_library2.fxp}
	Called from -  form1.command1.click line 2  {f:\vfprg\cnmt_entry_from.sct f:\vfprg\cnmt_entry_from.sct}
	Called from -  mrtc_menu line 254  {f:\vfprg\mrtc_menu.prg mrtc_menu.fxp}
	Called from -  form1.command1.click line 42  {f:\vfprg\mrtc_login.sct f:\vfprg\mrtc_login.sct}
